<?xml version="1.0" encoding="UTF-8"?>
<!-- Generated by org.testng.reporters.JUnitReportReporter -->
<testsuite hostname="MSI" failures="0" tests="1" name="TestRunner.CucumberTestRunner" time="7.457" errors="0" timestamp="2024-12-30T23:18:57 IST" skipped="0">
  <testcase classname="TestRunner.CucumberTestRunner" name="runScenario" time="7.457"/>
</testsuite> <!-- TestRunner.CucumberTestRunner -->
