<?xml version="1.0" encoding="UTF-8"?>
<!-- Generated by org.testng.reporters.JUnitReportReporter -->
<testsuite hostname="MSI" failures="0" tests="4" name="TestRunner.CucumberTestRunner" time="32.816" errors="0" timestamp="2025-01-01T11:54:07 IST" skipped="0">
  <testcase classname="TestRunner.CucumberTestRunner" name="runScenario" time="9.311"/>
  <testcase classname="TestRunner.CucumberTestRunner" name="runScenario" time="7.039"/>
  <testcase classname="TestRunner.CucumberTestRunner" name="runScenario" time="8.315"/>
  <testcase classname="TestRunner.CucumberTestRunner" name="runScenario" time="8.151"/>
</testsuite> <!-- TestRunner.CucumberTestRunner -->
