<?xml version="1.0" encoding="UTF-8"?>
<!-- Generated by org.testng.reporters.JUnitReportReporter -->
<testsuite hostname="DESKTOP-026KSER" failures="0" tests="1" name="TestRunner.CucumberTestRunner" time="26.296" errors="0" timestamp="2024-12-31T20:46:19 IST" skipped="0">
  <testcase classname="TestRunner.CucumberTestRunner" name="runScenario" time="26.296"/>
</testsuite> <!-- TestRunner.CucumberTestRunner -->
